00:00:09.721 [main] INFO  org.revhire.config.DBConnection - New database connection established.
00:00:09.793 [main] INFO  org.revhire.service.AuthService - User logged in: vishnu@gmail.com
00:00:09.793 [main] INFO  o.revhire.controller.AuthController - Login successful! Welcome, Vishnu
00:00:09.793 [main] INFO  o.revhire.controller.JobSeekerMenu - 
--- Job Seeker Dashboard (Vishnu) ---
00:00:09.793 [main] INFO  o.revhire.controller.JobSeekerMenu - 1. Search Jobs
00:00:09.793 [main] INFO  o.revhire.controller.JobSeekerMenu - 2. My Applications
00:00:09.793 [main] INFO  o.revhire.controller.JobSeekerMenu - 3. My Profile
00:00:09.793 [main] INFO  o.revhire.controller.JobSeekerMenu - 4. Edit Profile
00:00:09.793 [main] INFO  o.revhire.controller.JobSeekerMenu - 5. Notifications
00:00:09.795 [main] INFO  o.revhire.controller.JobSeekerMenu - 6. Change Password
00:00:09.795 [main] INFO  o.revhire.controller.JobSeekerMenu - 7. Logout
00:00:16.926 [main] INFO  org.revhire.config.DBConnection - New database connection established.
00:00:16.928 [main] INFO  o.revhire.controller.JobSeekerMenu - 
--- New Notifications ---
00:00:16.928 [main] INFO  o.revhire.controller.JobSeekerMenu - - Your application for AWS DevOps Engineer (1–2 Years Experience) has been updated to: SHORTLISTED
00:00:16.936 [main] INFO  org.revhire.config.DBConnection - New database connection established.
00:00:16.940 [main] INFO  o.revhire.controller.JobSeekerMenu - 
--- Job Seeker Dashboard (Vishnu) ---
00:00:16.940 [main] INFO  o.revhire.controller.JobSeekerMenu - 1. Search Jobs
00:00:16.940 [main] INFO  o.revhire.controller.JobSeekerMenu - 2. My Applications
00:00:16.940 [main] INFO  o.revhire.controller.JobSeekerMenu - 3. My Profile
00:00:16.940 [main] INFO  o.revhire.controller.JobSeekerMenu - 4. Edit Profile
00:00:16.940 [main] INFO  o.revhire.controller.JobSeekerMenu - 5. Notifications
00:00:16.940 [main] INFO  o.revhire.controller.JobSeekerMenu - 6. Change Password
00:00:16.940 [main] INFO  o.revhire.controller.JobSeekerMenu - 7. Logout
00:00:41.568 [main] INFO  org.revhire.config.DBConnection - New database connection established.
00:00:41.569 [main] INFO  o.revhire.controller.JobSeekerMenu - 
--- My Applications ---
00:03:01.384 [main] INFO  o.revhire.controller.JobSeekerMenu - 
--- Job Seeker Dashboard (Vishnu) ---
00:03:01.384 [main] INFO  o.revhire.controller.JobSeekerMenu - 1. Search Jobs
00:03:01.384 [main] INFO  o.revhire.controller.JobSeekerMenu - 2. My Applications
00:03:01.384 [main] INFO  o.revhire.controller.JobSeekerMenu - 3. My Profile
00:03:01.384 [main] INFO  o.revhire.controller.JobSeekerMenu - 4. Edit Profile
00:03:01.384 [main] INFO  o.revhire.controller.JobSeekerMenu - 5. Notifications
00:03:01.384 [main] INFO  o.revhire.controller.JobSeekerMenu - 6. Change Password
00:03:01.384 [main] INFO  o.revhire.controller.JobSeekerMenu - 7. Logout
00:03:03.442 [main] INFO  o.revhire.controller.JobSeekerMenu - Logged out.
00:03:03.442 [main] INFO  org.revhire.Main - 
=== RevHire Job Portal ===
00:03:03.442 [main] INFO  org.revhire.Main - 1. Login
00:03:03.442 [main] INFO  org.revhire.Main - 2. Register as Job Seeker
00:03:03.442 [main] INFO  org.revhire.Main - 3. Register as Employer
00:03:03.442 [main] INFO  org.revhire.Main - 4. Forgot Password
00:03:03.442 [main] INFO  org.revhire.Main - 5. Exit
00:03:06.214 [main] INFO  org.revhire.Main - Goodbye!
00:03:31.202 [main] INFO  org.revhire.Main - Starting RevHire Job Portal...
00:03:31.202 [main] INFO  org.revhire.Main - 
=== RevHire Job Portal ===
00:03:31.204 [main] INFO  org.revhire.Main - 1. Login
00:03:31.204 [main] INFO  org.revhire.Main - 2. Register as Job Seeker
00:03:31.204 [main] INFO  org.revhire.Main - 3. Register as Employer
00:03:31.204 [main] INFO  org.revhire.Main - 4. Forgot Password
00:03:31.204 [main] INFO  org.revhire.Main - 5. Exit
00:03:36.148 [main] INFO  o.revhire.controller.AuthController - 
--- Login ---
00:03:47.684 [main] INFO  org.revhire.config.DBConnection - New database connection established.
00:03:47.781 [main] INFO  org.revhire.service.AuthService - User logged in: vishnu@gmail.com
00:03:47.781 [main] INFO  o.revhire.controller.AuthController - Login successful! Welcome, Vishnu
00:03:47.784 [main] INFO  o.revhire.controller.JobSeekerMenu - 
--- Job Seeker Dashboard (Vishnu) ---
00:03:47.784 [main] INFO  o.revhire.controller.JobSeekerMenu - 1. Search Jobs
00:03:47.784 [main] INFO  o.revhire.controller.JobSeekerMenu - 2. My Applications
00:03:47.784 [main] INFO  o.revhire.controller.JobSeekerMenu - 3. My Profile
00:03:47.784 [main] INFO  o.revhire.controller.JobSeekerMenu - 4. Edit Profile
00:03:47.784 [main] INFO  o.revhire.controller.JobSeekerMenu - 5. Notifications
00:03:47.784 [main] INFO  o.revhire.controller.JobSeekerMenu - 6. Change Password
00:03:47.784 [main] INFO  o.revhire.controller.JobSeekerMenu - 7. Logout
00:03:58.108 [main] INFO  o.revhire.controller.JobSeekerMenu - Logged out.
00:03:58.108 [main] INFO  org.revhire.Main - 
=== RevHire Job Portal ===
00:03:58.108 [main] INFO  org.revhire.Main - 1. Login
00:03:58.109 [main] INFO  org.revhire.Main - 2. Register as Job Seeker
00:03:58.109 [main] INFO  org.revhire.Main - 3. Register as Employer
00:03:58.109 [main] INFO  org.revhire.Main - 4. Forgot Password
00:03:58.109 [main] INFO  org.revhire.Main - 5. Exit
00:04:03.546 [main] INFO  org.revhire.Main - Goodbye!
00:08:31.554 [main] INFO  org.revhire.Main - Starting RevHire Job Portal...
00:08:31.558 [main] INFO  org.revhire.Main - 
=== RevHire Job Portal ===
00:08:31.558 [main] INFO  org.revhire.Main - 1. Login
00:08:31.558 [main] INFO  org.revhire.Main - 2. Register as Job Seeker
00:08:31.558 [main] INFO  org.revhire.Main - 3. Register as Employer
00:08:31.559 [main] INFO  org.revhire.Main - 4. Forgot Password
00:08:31.559 [main] INFO  org.revhire.Main - 5. Exit
00:08:36.806 [main] INFO  org.revhire.Main - Goodbye!
00:08:44.167 [main] INFO  org.revhire.Main - Starting RevHire Job Portal...
00:08:44.173 [main] INFO  org.revhire.Main - 
=== RevHire Job Portal ===
00:08:44.173 [main] INFO  org.revhire.Main - 1. Login
00:08:44.173 [main] INFO  org.revhire.Main - 2. Register as Job Seeker
00:08:44.173 [main] INFO  org.revhire.Main - 3. Register as Employer
00:08:44.173 [main] INFO  org.revhire.Main - 4. Forgot Password
00:08:44.173 [main] INFO  org.revhire.Main - 5. Exit
00:08:46.621 [main] INFO  o.revhire.controller.AuthController - 
--- Login ---
00:08:56.419 [main] INFO  org.revhire.config.DBConnection - New database connection established.
00:08:56.634 [main] INFO  org.revhire.service.AuthService - User logged in: vishnu@gmail.com
00:08:56.636 [main] INFO  o.revhire.controller.AuthController - Login successful! Welcome, Vishnu
00:08:56.636 [main] INFO  o.revhire.controller.JobSeekerMenu - 
--- Job Seeker Dashboard (Vishnu) ---
00:08:56.636 [main] INFO  o.revhire.controller.JobSeekerMenu - 1. Search Jobs
00:08:56.636 [main] INFO  o.revhire.controller.JobSeekerMenu - 2. My Applications
00:08:56.636 [main] INFO  o.revhire.controller.JobSeekerMenu - 3. My Profile
00:08:56.636 [main] INFO  o.revhire.controller.JobSeekerMenu - 4. Edit Profile
00:08:56.636 [main] INFO  o.revhire.controller.JobSeekerMenu - 5. Notifications
00:08:56.636 [main] INFO  o.revhire.controller.JobSeekerMenu - 6. Change Password
00:08:56.636 [main] INFO  o.revhire.controller.JobSeekerMenu - 7. Logout
00:09:04.112 [main] INFO  o.revhire.controller.JobSeekerMenu - Logged out.
00:09:04.113 [main] INFO  org.revhire.Main - 
=== RevHire Job Portal ===
00:09:04.113 [main] INFO  org.revhire.Main - 1. Login
00:09:04.113 [main] INFO  org.revhire.Main - 2. Register as Job Seeker
00:09:04.113 [main] INFO  org.revhire.Main - 3. Register as Employer
00:09:04.113 [main] INFO  org.revhire.Main - 4. Forgot Password
00:09:04.113 [main] INFO  org.revhire.Main - 5. Exit
00:09:07.258 [main] INFO  org.revhire.Main - Goodbye!
00:09:07.266 [main] INFO  org.revhire.config.DBConnection - Database connection closed gracefully.
00:09:07.267 [Thread-0] INFO  org.revhire.config.DBConnection - Database connection closed gracefully.
00:09:54.165 [main] INFO  org.revhire.Main - Starting RevHire Job Portal...
00:09:54.167 [main] INFO  org.revhire.Main - 
=== RevHire Job Portal ===
00:09:54.167 [main] INFO  org.revhire.Main - 1. Login
00:09:54.167 [main] INFO  org.revhire.Main - 2. Register as Job Seeker
00:09:54.169 [main] INFO  org.revhire.Main - 3. Register as Employer
00:09:54.169 [main] INFO  org.revhire.Main - 4. Forgot Password
00:09:54.169 [main] INFO  org.revhire.Main - 5. Exit
00:09:59.309 [main] INFO  o.revhire.controller.AuthController - 
--- Job Seeker Registration ---
00:11:30.342 [main] INFO  o.revhire.controller.AuthController - 
[Resume] Objectives (Type 'NEXT' to finish):
00:12:00.971 [main] INFO  o.revhire.controller.AuthController - 
[Resume] Education (Type 'NEXT' for details or 'DONE' to skip):
00:12:22.438 [main] INFO  o.revhire.controller.AuthController - 
[Resume] Experience (Type 'NEXT' for details or 'DONE' to skip):
00:13:10.011 [main] INFO  o.revhire.controller.AuthController - 
[Resume] Skills (Type 'NEXT' to finish):
00:13:37.178 [main] INFO  o.revhire.controller.AuthController - 
[Resume] Projects (Type 'NEXT' for details or 'DONE' to skip):
00:16:25.589 [main] INFO  org.revhire.config.DBConnection - New database connection established.
00:16:25.879 [main] INFO  org.revhire.dao.UserDAO - User created successfully with email: vijay@gmail.com
00:16:25.934 [main] INFO  o.revhire.controller.AuthController - Registration successful! Please login.
00:16:25.934 [main] INFO  org.revhire.Main - 
=== RevHire Job Portal ===
00:16:25.934 [main] INFO  org.revhire.Main - 1. Login
00:16:25.934 [main] INFO  org.revhire.Main - 2. Register as Job Seeker
00:16:25.934 [main] INFO  org.revhire.Main - 3. Register as Employer
00:16:25.934 [main] INFO  org.revhire.Main - 4. Forgot Password
00:16:25.934 [main] INFO  org.revhire.Main - 5. Exit
00:16:29.914 [main] INFO  o.revhire.controller.AuthController - 
--- Employer Registration ---
00:17:48.532 [main] INFO  org.revhire.config.DBConnection - New database connection established.
00:17:48.735 [main] INFO  org.revhire.dao.UserDAO - User created successfully with email: zareesh@amazon.com
00:17:48.744 [main] INFO  org.revhire.dao.EmployerDAO - Successfully created employer profile for user ID: 6
00:17:48.747 [main] INFO  o.revhire.controller.AuthController - Registration successful! Welcome to RevHire.
00:17:48.747 [main] INFO  org.revhire.Main - 
=== RevHire Job Portal ===
00:17:48.747 [main] INFO  org.revhire.Main - 1. Login
00:17:48.747 [main] INFO  org.revhire.Main - 2. Register as Job Seeker
00:17:48.747 [main] INFO  org.revhire.Main - 3. Register as Employer
00:17:48.747 [main] INFO  org.revhire.Main - 4. Forgot Password
00:17:48.747 [main] INFO  org.revhire.Main - 5. Exit
00:19:16.440 [main] INFO  o.revhire.controller.AuthController - 
--- Login ---
00:19:29.808 [main] INFO  org.revhire.config.DBConnection - New database connection established.
00:19:29.953 [main] INFO  org.revhire.service.AuthService - User logged in: zareesh@amazon.com
00:19:29.953 [main] INFO  o.revhire.controller.AuthController - Login successful! Welcome, Zareesh
00:19:29.953 [main] INFO  org.revhire.controller.EmployerMenu - 
--- Employer Dashboard (Zareesh) ---
00:19:29.953 [main] INFO  org.revhire.controller.EmployerMenu - 1. Post a Job
00:19:29.953 [main] INFO  org.revhire.controller.EmployerMenu - 2. Manage My Jobs
00:19:29.954 [main] INFO  org.revhire.controller.EmployerMenu - 3. Search Applicants (Not Implemented)
00:19:29.954 [main] INFO  org.revhire.controller.EmployerMenu - 4. Change Password
00:19:29.954 [main] INFO  org.revhire.controller.EmployerMenu - 5. Logout
00:19:31.999 [main] INFO  org.revhire.controller.EmployerMenu - 
--- Post a New Job ---
00:21:05.644 [main] WARN  org.revhire.controller.EmployerMenu - Invalid experience years. Defaulting to 0.
00:21:05.645 [main] INFO  org.revhire.service.JobService - Posting new job: Analyst - Trainee
00:21:06.675 [main] ERROR org.revhire.controller.EmployerMenu - Error posting job: Data truncation: Data too long for column 'salary_range' at row 1
00:21:06.676 [main] INFO  org.revhire.controller.EmployerMenu - 
--- Employer Dashboard (Zareesh) ---
00:21:06.676 [main] INFO  org.revhire.controller.EmployerMenu - 1. Post a Job
00:21:06.676 [main] INFO  org.revhire.controller.EmployerMenu - 2. Manage My Jobs
00:21:06.676 [main] INFO  org.revhire.controller.EmployerMenu - 3. Search Applicants (Not Implemented)
00:21:06.676 [main] INFO  org.revhire.controller.EmployerMenu - 4. Change Password
00:21:06.676 [main] INFO  org.revhire.controller.EmployerMenu - 5. Logout
00:21:06.677 [main] WARN  org.revhire.controller.EmployerMenu - Invalid choice.
00:21:06.677 [main] INFO  org.revhire.controller.EmployerMenu - 
--- Employer Dashboard (Zareesh) ---
00:21:06.677 [main] INFO  org.revhire.controller.EmployerMenu - 1. Post a Job
00:21:06.677 [main] INFO  org.revhire.controller.EmployerMenu - 2. Manage My Jobs
00:21:06.678 [main] INFO  org.revhire.controller.EmployerMenu - 3. Search Applicants (Not Implemented)
00:21:06.678 [main] INFO  org.revhire.controller.EmployerMenu - 4. Change Password
00:21:06.678 [main] INFO  org.revhire.controller.EmployerMenu - 5. Logout
00:21:06.678 [main] WARN  org.revhire.controller.EmployerMenu - Invalid choice.
00:21:06.678 [main] INFO  org.revhire.controller.EmployerMenu - 
--- Employer Dashboard (Zareesh) ---
00:21:06.678 [main] INFO  org.revhire.controller.EmployerMenu - 1. Post a Job
00:21:06.679 [main] INFO  org.revhire.controller.EmployerMenu - 2. Manage My Jobs
00:21:06.679 [main] INFO  org.revhire.controller.EmployerMenu - 3. Search Applicants (Not Implemented)
00:21:06.679 [main] INFO  org.revhire.controller.EmployerMenu - 4. Change Password
00:21:06.680 [main] INFO  org.revhire.controller.EmployerMenu - 5. Logout
00:21:06.680 [main] WARN  org.revhire.controller.EmployerMenu - Invalid choice.
00:21:06.680 [main] INFO  org.revhire.controller.EmployerMenu - 
--- Employer Dashboard (Zareesh) ---
00:21:06.680 [main] INFO  org.revhire.controller.EmployerMenu - 1. Post a Job
00:21:06.680 [main] INFO  org.revhire.controller.EmployerMenu - 2. Manage My Jobs
00:21:06.680 [main] INFO  org.revhire.controller.EmployerMenu - 3. Search Applicants (Not Implemented)
00:21:06.680 [main] INFO  org.revhire.controller.EmployerMenu - 4. Change Password
00:21:06.681 [main] INFO  org.revhire.controller.EmployerMenu - 5. Logout
00:21:06.681 [main] WARN  org.revhire.controller.EmployerMenu - Invalid choice.
00:21:06.681 [main] INFO  org.revhire.controller.EmployerMenu - 
--- Employer Dashboard (Zareesh) ---
00:21:06.681 [main] INFO  org.revhire.controller.EmployerMenu - 1. Post a Job
00:21:06.681 [main] INFO  org.revhire.controller.EmployerMenu - 2. Manage My Jobs
00:21:06.681 [main] INFO  org.revhire.controller.EmployerMenu - 3. Search Applicants (Not Implemented)
00:21:06.681 [main] INFO  org.revhire.controller.EmployerMenu - 4. Change Password
00:21:06.682 [main] INFO  org.revhire.controller.EmployerMenu - 5. Logout
00:21:13.717 [main] INFO  org.revhire.controller.EmployerMenu - 
--- Post a New Job ---
00:22:05.495 [main] WARN  org.revhire.controller.EmployerMenu - Invalid experience years. Defaulting to 0.
00:22:05.495 [main] INFO  org.revhire.service.JobService - Posting new job: Analyst trainee
00:22:05.560 [main] INFO  org.revhire.dao.JobDAO - Successfully created job with title: 'Analyst trainee' for employer: 6
00:22:05.561 [main] INFO  org.revhire.controller.EmployerMenu - Job posted successfully! Job ID: 4
00:22:05.561 [main] INFO  org.revhire.controller.EmployerMenu - 
--- Employer Dashboard (Zareesh) ---
00:22:05.562 [main] INFO  org.revhire.controller.EmployerMenu - 1. Post a Job
00:22:05.562 [main] INFO  org.revhire.controller.EmployerMenu - 2. Manage My Jobs
00:22:05.562 [main] INFO  org.revhire.controller.EmployerMenu - 3. Search Applicants (Not Implemented)
00:22:05.562 [main] INFO  org.revhire.controller.EmployerMenu - 4. Change Password
00:22:05.562 [main] INFO  org.revhire.controller.EmployerMenu - 5. Logout
00:22:20.274 [main] INFO  org.revhire.controller.EmployerMenu - 
--- My Jobs ---
00:22:23.184 [main] INFO  org.revhire.controller.EmployerMenu - 
--- Managing Job: Analyst trainee ---
00:22:23.186 [main] INFO  org.revhire.controller.EmployerMenu - 1. View Applicants
00:22:23.186 [main] INFO  org.revhire.controller.EmployerMenu - 2. Edit Job Details
00:22:23.186 [main] INFO  org.revhire.controller.EmployerMenu - 3. Close Job
00:22:23.186 [main] INFO  org.revhire.controller.EmployerMenu - 4. Reopen Job
00:22:23.186 [main] INFO  org.revhire.controller.EmployerMenu - 5. Delete Job
00:22:23.186 [main] INFO  org.revhire.controller.EmployerMenu - 6. Back
00:22:26.010 [main] INFO  org.revhire.config.DBConnection - New database connection established.
00:22:26.087 [main] INFO  org.revhire.controller.EmployerMenu - Job deleted successfully.
00:22:26.087 [main] INFO  org.revhire.controller.EmployerMenu - 
--- Employer Dashboard (Zareesh) ---
00:22:26.087 [main] INFO  org.revhire.controller.EmployerMenu - 1. Post a Job
00:22:26.087 [main] INFO  org.revhire.controller.EmployerMenu - 2. Manage My Jobs
00:22:26.087 [main] INFO  org.revhire.controller.EmployerMenu - 3. Search Applicants (Not Implemented)
00:22:26.087 [main] INFO  org.revhire.controller.EmployerMenu - 4. Change Password
00:22:26.087 [main] INFO  org.revhire.controller.EmployerMenu - 5. Logout
00:22:29.199 [main] INFO  org.revhire.controller.EmployerMenu - 
--- Post a New Job ---
00:23:32.348 [main] INFO  org.revhire.service.JobService - Posting new job: Analyst - Trainee
00:23:32.426 [main] INFO  org.revhire.dao.JobDAO - Successfully created job with title: 'Analyst - Trainee' for employer: 6
00:23:32.426 [main] INFO  org.revhire.controller.EmployerMenu - Job posted successfully! Job ID: 5
00:23:32.427 [main] INFO  org.revhire.controller.EmployerMenu - 
--- Employer Dashboard (Zareesh) ---
00:23:32.427 [main] INFO  org.revhire.controller.EmployerMenu - 1. Post a Job
00:23:32.427 [main] INFO  org.revhire.controller.EmployerMenu - 2. Manage My Jobs
00:23:32.427 [main] INFO  org.revhire.controller.EmployerMenu - 3. Search Applicants (Not Implemented)
00:23:32.427 [main] INFO  org.revhire.controller.EmployerMenu - 4. Change Password
00:23:32.427 [main] INFO  org.revhire.controller.EmployerMenu - 5. Logout
00:23:34.818 [main] INFO  org.revhire.controller.EmployerMenu - 
--- My Jobs ---
00:23:37.468 [main] INFO  org.revhire.controller.EmployerMenu - 
--- Managing Job: Analyst - Trainee ---
00:23:37.469 [main] INFO  org.revhire.controller.EmployerMenu - 1. View Applicants
00:23:37.469 [main] INFO  org.revhire.controller.EmployerMenu - 2. Edit Job Details
00:23:37.469 [main] INFO  org.revhire.controller.EmployerMenu - 3. Close Job
00:23:37.469 [main] INFO  org.revhire.controller.EmployerMenu - 4. Reopen Job
00:23:37.469 [main] INFO  org.revhire.controller.EmployerMenu - 5. Delete Job
00:23:37.470 [main] INFO  org.revhire.controller.EmployerMenu - 6. Back
00:23:39.490 [main] INFO  org.revhire.controller.EmployerMenu - 
--- Edit Job Details (Enter to keep current) ---
00:23:49.504 [main] INFO  org.revhire.config.DBConnection - New database connection established.
00:23:49.506 [main] INFO  org.revhire.dao.JobDAO - Updated job details for ID: 5
00:23:49.507 [main] INFO  org.revhire.controller.EmployerMenu - Job updated successfully.
00:23:49.507 [main] INFO  org.revhire.controller.EmployerMenu - 
--- Managing Job: Analyst - Trainee ---
00:23:49.507 [main] INFO  org.revhire.controller.EmployerMenu - 1. View Applicants
00:23:49.507 [main] INFO  org.revhire.controller.EmployerMenu - 2. Edit Job Details
00:23:49.507 [main] INFO  org.revhire.controller.EmployerMenu - 3. Close Job
00:23:49.507 [main] INFO  org.revhire.controller.EmployerMenu - 4. Reopen Job
00:23:49.507 [main] INFO  org.revhire.controller.EmployerMenu - 5. Delete Job
00:23:49.507 [main] INFO  org.revhire.controller.EmployerMenu - 6. Back
00:23:58.567 [main] INFO  org.revhire.controller.EmployerMenu - Job deleted successfully.
00:23:58.568 [main] INFO  org.revhire.controller.EmployerMenu - 
--- Employer Dashboard (Zareesh) ---
00:23:58.568 [main] INFO  org.revhire.controller.EmployerMenu - 1. Post a Job
00:23:58.568 [main] INFO  org.revhire.controller.EmployerMenu - 2. Manage My Jobs
00:23:58.568 [main] INFO  org.revhire.controller.EmployerMenu - 3. Search Applicants (Not Implemented)
00:23:58.568 [main] INFO  org.revhire.controller.EmployerMenu - 4. Change Password
00:23:58.568 [main] INFO  org.revhire.controller.EmployerMenu - 5. Logout
00:24:00.219 [main] INFO  org.revhire.controller.EmployerMenu - Logged out.
00:24:00.219 [main] INFO  org.revhire.Main - 
=== RevHire Job Portal ===
00:24:00.219 [main] INFO  org.revhire.Main - 1. Login
00:24:00.219 [main] INFO  org.revhire.Main - 2. Register as Job Seeker
00:24:00.219 [main] INFO  org.revhire.Main - 3. Register as Employer
00:24:00.219 [main] INFO  org.revhire.Main - 4. Forgot Password
00:24:00.219 [main] INFO  org.revhire.Main - 5. Exit
00:24:01.767 [main] INFO  org.revhire.Main - Goodbye!
00:24:01.768 [main] INFO  org.revhire.config.DBConnection - Database connection closed gracefully.
00:24:01.770 [Thread-0] INFO  org.revhire.config.DBConnection - Database connection closed gracefully.
01:05:13.012 [main] INFO  org.revhire.dao.ApplicationDAO - Seeker 2 applied for job 1
01:05:13.168 [main] INFO  org.revhire.dao.JobDAO - Updated status for job ID 1 to CLOSED
01:05:13.261 [main] INFO  org.revhire.dao.NotificationDAO - Notification created for user: 1
01:05:13.332 [main] INFO  org.revhire.dao.UserDAO - User created successfully with email: new@example.com
01:05:13.596 [main] INFO  o.revhire.service.ApplicationService - Seeker 2 successfully applied for job 1
01:05:13.617 [main] INFO  o.revhire.service.ApplicationService - Updated status for application 10 to SHORTLISTED
01:05:14.455 [main] INFO  org.revhire.service.AuthService - User logged in: john@example.com
01:05:14.464 [main] WARN  org.revhire.service.AuthService - Recovery failed: Wrong security answer for: john@example.com
01:05:14.760 [main] WARN  org.revhire.service.AuthService - Invalid password for user: john@example.com
01:05:14.770 [main] WARN  org.revhire.service.AuthService - Registration attempt with existing email: john@example.com
01:05:15.061 [main] INFO  org.revhire.service.AuthService - Password recovered successfully for: john@example.com
01:05:15.366 [main] INFO  org.revhire.service.JobService - Posting new job: Software Engineer
01:05:15.385 [main] INFO  org.revhire.service.JobService - Closing job ID: 101
01:05:15.448 [main] INFO  o.r.service.NotificationService - Sent notification to user ID: 1
